[coderthemes.com/ubold_2.1/dark_leftbar/index.html]
[backblue.gif]
[fade.gif]
[index.html]
[coderthemes.com/ubold_2.1/dark_leftbar/assets/images/favicon_1.ico]
[coderthemes.com/ubold_2.1/dark_leftbar/assets/plugins/morris/morris.css]
[coderthemes.com/ubold_2.1/dark_leftbar/assets/css/bootstrap.min.css]
[coderthemes.com/ubold_2.1/dark_leftbar/assets/css/core.css]
[coderthemes.com/ubold_2.1/dark_leftbar/assets/css/components.css]
[coderthemes.com/ubold_2.1/dark_leftbar/assets/css/pages.css]
[coderthemes.com/ubold_2.1/dark_leftbar/assets/css/icons.css]
[coderthemes.com/ubold_2.1/dark_leftbar/assets/css/responsive.css]
[coderthemes.com/ubold_2.1/dark_leftbar/assets/js/modernizr.min.js]
[www.google-analytics.com/analytics.js]
[coderthemes.com/ubold_2.1/dark_leftbar/assets/images/users/avatar-1.jpg]
[coderthemes.com/ubold_2.1/dark_leftbar/dashboard_2.html]
[coderthemes.com/ubold_2.1/dark_leftbar/dashboard_3.html]
[coderthemes.com/ubold_2.1/dark_leftbar/dashboard_4.html]
[coderthemes.com/ubold_2.1/dark_leftbar/ui-buttons.html]
[coderthemes.com/ubold_2.1/dark_leftbar/ui-loading-buttons.html]
[coderthemes.com/ubold_2.1/dark_leftbar/ui-panels.html]
[coderthemes.com/ubold_2.1/dark_leftbar/ui-portlets.html]
[coderthemes.com/ubold_2.1/dark_leftbar/ui-checkbox-radio.html]
[coderthemes.com/ubold_2.1/dark_leftbar/ui-tabs.html]
[coderthemes.com/ubold_2.1/dark_leftbar/ui-modals.html]
[coderthemes.com/ubold_2.1/dark_leftbar/ui-progressbars.html]
[coderthemes.com/ubold_2.1/dark_leftbar/ui-notification.html]
[coderthemes.com/ubold_2.1/dark_leftbar/ui-images.html]
[coderthemes.com/ubold_2.1/dark_leftbar/ui-carousel.html]
[coderthemes.com/ubold_2.1/dark_leftbar/ui-video.html]
[coderthemes.com/ubold_2.1/dark_leftbar/ui-bootstrap.html]
[coderthemes.com/ubold_2.1/dark_leftbar/ui-typography.html]
[coderthemes.com/ubold_2.1/dark_leftbar/components-grid.html]
[coderthemes.com/ubold_2.1/dark_leftbar/components-widgets.html]
[coderthemes.com/ubold_2.1/dark_leftbar/components-nestable-list.html]
[coderthemes.com/ubold_2.1/dark_leftbar/components-range-sliders.html]
[coderthemes.com/ubold_2.1/dark_leftbar/components-masonry.html]
[coderthemes.com/ubold_2.1/dark_leftbar/components-animation.html]
[coderthemes.com/ubold_2.1/dark_leftbar/components-sweet-alert.html]
[coderthemes.com/ubold_2.1/dark_leftbar/components-treeview.html]
[coderthemes.com/ubold_2.1/dark_leftbar/components-tour.html]
[coderthemes.com/ubold_2.1/dark_leftbar/icons-glyphicons.html]
[coderthemes.com/ubold_2.1/dark_leftbar/icons-materialdesign.html]
[coderthemes.com/ubold_2.1/dark_leftbar/icons-ionicons.html]
[coderthemes.com/ubold_2.1/dark_leftbar/icons-fontawesome.html]
[coderthemes.com/ubold_2.1/dark_leftbar/icons-themifyicon.html]
[coderthemes.com/ubold_2.1/dark_leftbar/icons-simple-line.html]
[coderthemes.com/ubold_2.1/dark_leftbar/icons-weather.html]
[coderthemes.com/ubold_2.1/dark_leftbar/icons-typicons.html]
[coderthemes.com/ubold_2.1/dark_leftbar/form-elements.html]
[coderthemes.com/ubold_2.1/dark_leftbar/form-advanced.html]
[coderthemes.com/ubold_2.1/dark_leftbar/form-validation.html]
[coderthemes.com/ubold_2.1/dark_leftbar/form-pickers.html]
[coderthemes.com/ubold_2.1/dark_leftbar/form-wizard.html]
[coderthemes.com/ubold_2.1/dark_leftbar/form-mask.html]
[coderthemes.com/ubold_2.1/dark_leftbar/form-summernote.html]
[coderthemes.com/ubold_2.1/dark_leftbar/form-wysiwig.html]
[coderthemes.com/ubold_2.1/dark_leftbar/form-code-editor.html]
[coderthemes.com/ubold_2.1/dark_leftbar/form-uploads.html]
[coderthemes.com/ubold_2.1/dark_leftbar/form-xeditable.html]
[coderthemes.com/ubold_2.1/dark_leftbar/form-image-crop.html]
[coderthemes.com/ubold_2.1/dark_leftbar/tables-basic.html]
[coderthemes.com/ubold_2.1/dark_leftbar/tables-datatable.html]
[coderthemes.com/ubold_2.1/dark_leftbar/tables-editable.html]
[coderthemes.com/ubold_2.1/dark_leftbar/tables-responsive.html]
[coderthemes.com/ubold_2.1/dark_leftbar/tables-foo-tables.html]
[coderthemes.com/ubold_2.1/dark_leftbar/tables-bootstrap.html]
[coderthemes.com/ubold_2.1/dark_leftbar/tables-tablesaw.html]
[coderthemes.com/ubold_2.1/dark_leftbar/tables-jsgrid.html]
[coderthemes.com/ubold_2.1/dark_leftbar/chart-flot.html]
[coderthemes.com/ubold_2.1/dark_leftbar/chart-morris.html]
[coderthemes.com/ubold_2.1/dark_leftbar/chart-chartjs.html]
[coderthemes.com/ubold_2.1/dark_leftbar/chart-peity.html]
[coderthemes.com/ubold_2.1/dark_leftbar/chart-chartist.html]
[coderthemes.com/ubold_2.1/dark_leftbar/chart-c3.html]
[coderthemes.com/ubold_2.1/dark_leftbar/chart-nvd3.html]
[coderthemes.com/ubold_2.1/dark_leftbar/chart-sparkline.html]
[coderthemes.com/ubold_2.1/dark_leftbar/chart-radial.html]
[coderthemes.com/ubold_2.1/dark_leftbar/chart-other.html]
[coderthemes.com/ubold_2.1/dark_leftbar/chart-ricksaw.html]
[coderthemes.com/ubold_2.1/dark_leftbar/map-google.html]
[coderthemes.com/ubold_2.1/dark_leftbar/map-vector.html]
[coderthemes.com/ubold_2.1/dark_leftbar/page-starter.html]
[coderthemes.com/ubold_2.1/dark_leftbar/page-login.html]
[coderthemes.com/ubold_2.1/dark_leftbar/page-login-v2.html]
[coderthemes.com/ubold_2.1/dark_leftbar/page-register.html]
[coderthemes.com/ubold_2.1/dark_leftbar/page-register-v2.html]
[coderthemes.com/ubold_2.1/dark_leftbar/page-signup-signin.html]
[coderthemes.com/ubold_2.1/dark_leftbar/page-recoverpw.html]
[coderthemes.com/ubold_2.1/dark_leftbar/page-lock-screen.html]
[coderthemes.com/ubold_2.1/dark_leftbar/page-400.html]
[coderthemes.com/ubold_2.1/dark_leftbar/page-403.html]
[coderthemes.com/ubold_2.1/dark_leftbar/page-404.html]
[coderthemes.com/ubold_2.1/dark_leftbar/page-404_alt.html]
[coderthemes.com/ubold_2.1/dark_leftbar/page-500.html]
[coderthemes.com/ubold_2.1/dark_leftbar/page-503.html]
[coderthemes.com/ubold_2.1/dark_leftbar/extra-profile.html]
[coderthemes.com/ubold_2.1/dark_leftbar/extra-timeline.html]
[coderthemes.com/ubold_2.1/dark_leftbar/extra-sitemap.html]
[coderthemes.com/ubold_2.1/dark_leftbar/extra-invoice.html]
[coderthemes.com/ubold_2.1/dark_leftbar/extra-email-template.html]
[coderthemes.com/ubold_2.1/dark_leftbar/extra-maintenance.html]
[coderthemes.com/ubold_2.1/dark_leftbar/extra-coming-soon.html]
[coderthemes.com/ubold_2.1/dark_leftbar/extra-faq.html]
[coderthemes.com/ubold_2.1/dark_leftbar/extra-search-result.html]
[coderthemes.com/ubold_2.1/dark_leftbar/extra-gallery.html]
[coderthemes.com/ubold_2.1/dark_leftbar/extra-pricing.html]
[coderthemes.com/ubold_2.1/dark_leftbar/apps-calendar.html]
[coderthemes.com/ubold_2.1/dark_leftbar/apps-contact.html]
[coderthemes.com/ubold_2.1/dark_leftbar/apps-taskboard.html]
[coderthemes.com/ubold_2.1/dark_leftbar/email-inbox.html]
[coderthemes.com/ubold_2.1/dark_leftbar/email-read.html]
[coderthemes.com/ubold_2.1/dark_leftbar/email-compose.html]
[coderthemes.com/ubold_2.1/dark_leftbar/layout-leftbar_2.html]
[coderthemes.com/ubold_2.1/dark_leftbar/layout-menu-collapsed.html]
[coderthemes.com/ubold_2.1/dark_leftbar/layout-menu-small.html]
[coderthemes.com/ubold_2.1/dark_leftbar/layout-header_2.html]
[coderthemes.com/ubold_2.1/dark_leftbar/crm-dashboard.html]
[coderthemes.com/ubold_2.1/dark_leftbar/crm-contact.html]
[coderthemes.com/ubold_2.1/dark_leftbar/crm-opportunities.html]
[coderthemes.com/ubold_2.1/dark_leftbar/crm-leads.html]
[coderthemes.com/ubold_2.1/dark_leftbar/crm-customers.html]
[coderthemes.com/ubold_2.1/dark_leftbar/ecommerce-dashboard.html]
[coderthemes.com/ubold_2.1/dark_leftbar/ecommerce-products.html]
[coderthemes.com/ubold_2.1/dark_leftbar/ecommerce-product-detail.html]
[coderthemes.com/ubold_2.1/dark_leftbar/ecommerce-product-edit.html]
[coderthemes.com/ubold_2.1/dark_leftbar/ecommerce-orders.html]
[coderthemes.com/ubold_2.1/dark_leftbar/ecommerce-sellers.html]
[coderthemes.com/ubold_2.1/dark_leftbar/assets/images/products/iphone.jpg]
[coderthemes.com/ubold_2.1/dark_leftbar/assets/images/products/samsung.jpg]
[coderthemes.com/ubold_2.1/dark_leftbar/assets/images/products/imac.jpg]
[coderthemes.com/ubold_2.1/dark_leftbar/assets/images/products/macbook.jpg]
[coderthemes.com/ubold_2.1/dark_leftbar/assets/images/products/lumia.jpg]
[coderthemes.com/ubold_2.1/dark_leftbar/assets/images/users/avatar-2.jpg]
[coderthemes.com/ubold_2.1/dark_leftbar/assets/images/users/avatar-3.jpg]
[coderthemes.com/ubold_2.1/dark_leftbar/assets/images/users/avatar-4.jpg]
[coderthemes.com/ubold_2.1/dark_leftbar/assets/images/users/avatar-5.jpg]
[coderthemes.com/ubold_2.1/dark_leftbar/assets/images/users/avatar-6.jpg]
[coderthemes.com/ubold_2.1/dark_leftbar/assets/images/users/avatar-7.jpg]
[coderthemes.com/ubold_2.1/dark_leftbar/assets/images/users/avatar-8.jpg]
[coderthemes.com/ubold_2.1/dark_leftbar/assets/images/users/avatar-9.jpg]
[coderthemes.com/ubold_2.1/dark_leftbar/assets/images/users/avatar-10.jpg]
[coderthemes.com/ubold_2.1/dark_leftbar/assets/js/jquery.min.js]
[coderthemes.com/ubold_2.1/dark_leftbar/assets/js/bootstrap.min.js]
[coderthemes.com/ubold_2.1/dark_leftbar/assets/js/detect.js]
[coderthemes.com/ubold_2.1/dark_leftbar/assets/js/fastclick.js]
[coderthemes.com/ubold_2.1/dark_leftbar/assets/js/jquery.slimscroll.js]
[coderthemes.com/ubold_2.1/dark_leftbar/assets/js/jquery.blockUI.js]
[coderthemes.com/ubold_2.1/dark_leftbar/assets/js/waves.js]
[coderthemes.com/ubold_2.1/dark_leftbar/assets/js/wow.min.js]
[coderthemes.com/ubold_2.1/dark_leftbar/assets/js/jquery.nicescroll.js]
[coderthemes.com/ubold_2.1/dark_leftbar/assets/js/jquery.scrollTo.min.js]
[coderthemes.com/ubold_2.1/dark_leftbar/assets/plugins/peity/jquery.peity.min.js]
[coderthemes.com/ubold_2.1/dark_leftbar/assets/plugins/waypoints/lib/jquery.waypoints.js]
[coderthemes.com/ubold_2.1/dark_leftbar/assets/plugins/counterup/jquery.counterup.min.js]
[coderthemes.com/ubold_2.1/dark_leftbar/assets/plugins/morris/morris.min.js]
[coderthemes.com/ubold_2.1/dark_leftbar/assets/plugins/raphael/raphael-min.js]
[coderthemes.com/ubold_2.1/dark_leftbar/assets/plugins/jquery-knob/jquery.knob.js]
[coderthemes.com/ubold_2.1/dark_leftbar/assets/pages/jquery.dashboard.js]
[coderthemes.com/ubold_2.1/dark_leftbar/assets/js/jquery.core.js]
[coderthemes.com/ubold_2.1/dark_leftbar/index.html]
[coderthemes.com/ubold_2.1/dark_leftbar/assets/plugins/morris/morris.css]
[coderthemes.com/ubold_2.1/dark_leftbar/assets/js/jquery.app.js]
[coderthemes.com/ubold_2.1/dark_leftbar/assets/fonts/glyphicons-halflings-regular.eot]
[coderthemes.com/ubold_2.1/dark_leftbar/assets/fonts/glyphicons-halflings-regular.woff2]
[coderthemes.com/ubold_2.1/dark_leftbar/assets/fonts/glyphicons-halflings-regulard41d.eot]
[coderthemes.com/ubold_2.1/dark_leftbar/assets/fonts/glyphicons-halflings-regular.woff]
[coderthemes.com/ubold_2.1/dark_leftbar/assets/fonts/glyphicons-halflings-regular.ttf]
[coderthemes.com/ubold_2.1/dark_leftbar/assets/fonts/glyphicons-halflings-regular.svg]
[coderthemes.com/ubold_2.1/dark_leftbar/assets/css/bootstrap.min.css]
[coderthemes.com/ubold_2.1/dark_leftbar/assets/css/core.css]
[coderthemes.com/ubold_2.1/dark_leftbar/assets/images/download.png]
[coderthemes.com/ubold_2.1/dark_leftbar/assets/images/big/bg.jpg]
[coderthemes.com/ubold_2.1/dark_leftbar/assets/css/components.css]
[coderthemes.com/ubold_2.1/dark_leftbar/assets/fonts/fontawesome-webfont5b62.eot]
[coderthemes.com/ubold_2.1/dark_leftbar/assets/fonts/fontawesome-webfontd41d.eot]
[coderthemes.com/ubold_2.1/dark_leftbar/assets/fonts/fontawesome-webfont5b62.woff2]
[coderthemes.com/ubold_2.1/dark_leftbar/assets/fonts/fontawesome-webfont5b62.woff]
[coderthemes.com/ubold_2.1/dark_leftbar/assets/fonts/fontawesome-webfont5b62.ttf]
[coderthemes.com/ubold_2.1/dark_leftbar/assets/fonts/fontawesome-webfont5b62.svg]
[coderthemes.com/ubold_2.1/dark_leftbar/assets/fonts/themify9f24.eot]
[coderthemes.com/ubold_2.1/dark_leftbar/assets/fonts/themifyd41d.eot]
[coderthemes.com/ubold_2.1/dark_leftbar/assets/fonts/themify9f24.woff]
[coderthemes.com/ubold_2.1/dark_leftbar/assets/fonts/themify9f24.ttf]
[coderthemes.com/ubold_2.1/dark_leftbar/assets/fonts/themify9f24.svg]
[coderthemes.com/ubold_2.1/dark_leftbar/assets/fonts/Material-Design-Iconic-Fontf700.eot]
[coderthemes.com/ubold_2.1/dark_leftbar/assets/fonts/Material-Design-Iconic-Fontd41d.eot]
[coderthemes.com/ubold_2.1/dark_leftbar/assets/fonts/Material-Design-Iconic-Fontf700.woff]
[coderthemes.com/ubold_2.1/dark_leftbar/assets/fonts/Material-Design-Iconic-Fontf700.ttf]
[coderthemes.com/ubold_2.1/dark_leftbar/assets/fonts/Simple-Line-Icons4c82.eot]
[coderthemes.com/ubold_2.1/dark_leftbar/assets/fonts/Material-Design-Iconic-Fontf700.svg]
[coderthemes.com/ubold_2.1/dark_leftbar/assets/fonts/Simple-Line-Iconsd41d.eot]
[coderthemes.com/ubold_2.1/dark_leftbar/assets/fonts/Simple-Line-Icons4c82.ttf]
[coderthemes.com/ubold_2.1/dark_leftbar/assets/fonts/Simple-Line-Icons4c82.woff2]
[coderthemes.com/ubold_2.1/dark_leftbar/assets/fonts/Simple-Line-Icons4c82.woff]
[coderthemes.com/ubold_2.1/dark_leftbar/assets/fonts/ioniconsaa26.eot]
[coderthemes.com/ubold_2.1/dark_leftbar/assets/fonts/ioniconsaa26.ttf]
[coderthemes.com/ubold_2.1/dark_leftbar/assets/fonts/Simple-Line-Icons4c82.svg]
[coderthemes.com/ubold_2.1/dark_leftbar/assets/fonts/ioniconsaa26.woff]
[coderthemes.com/ubold_2.1/dark_leftbar/assets/fonts/ioniconsaa26.svg]
[coderthemes.com/ubold_2.1/dark_leftbar/assets/fonts/weathericons-regular-webfont.eot]
[coderthemes.com/ubold_2.1/dark_leftbar/assets/fonts/weathericons-regular-webfont.woff2]
[coderthemes.com/ubold_2.1/dark_leftbar/assets/fonts/weathericons-regular-webfont.woff]
[coderthemes.com/ubold_2.1/dark_leftbar/assets/fonts/weathericons-regular-webfontd41d.eot]
[coderthemes.com/ubold_2.1/dark_leftbar/assets/fonts/weathericons-regular-webfont.ttf]
[coderthemes.com/ubold_2.1/dark_leftbar/assets/fonts/typicons.eot]
[coderthemes.com/ubold_2.1/dark_leftbar/assets/fonts/weathericons-regular-webfont.svg]
[coderthemes.com/ubold_2.1/dark_leftbar/assets/fonts/typicons.woff]
[coderthemes.com/ubold_2.1/dark_leftbar/assets/fonts/typiconsd41d.eot]
[coderthemes.com/ubold_2.1/dark_leftbar/assets/fonts/typicons.ttf]
[coderthemes.com/ubold_2.1/dark_leftbar/assets/css/icons.css]
[coderthemes.com/ubold_2.1/dark_leftbar/assets/images/multiple-arrow.png]
[coderthemes.com/ubold_2.1/dark_leftbar/assets/fonts/typicons.svg]
[coderthemes.com/ubold_2.1/dark_leftbar/assets/images/agsquare.png]
[coderthemes.com/ubold_2.1/dark_leftbar/assets/css/pages.css]
[coderthemes.com/ubold_2.1/dark_leftbar/assets/css/responsive.css]
[coderthemes.com/ubold_2.1/dark_leftbar/assets/js/modernizr.min.js]
[coderthemes.com/ubold_2.1/dark_leftbar/assets/plugins/bootstrap-sweetalert/sweet-alert.css]
[coderthemes.com/ubold_2.1/dark_leftbar/assets/images/avatar-1.jpg]
[coderthemes.com/ubold_2.1/dark_leftbar/assets/plugins/moment/moment.js]
[coderthemes.com/ubold_2.1/dark_leftbar/assets/plugins/bootstrap-sweetalert/sweet-alert.min.js]
[coderthemes.com/ubold_2.1/dark_leftbar/assets/pages/jquery.todo.js]
[coderthemes.com/ubold_2.1/dark_leftbar/assets/pages/jquery.chat.js]
[coderthemes.com/ubold_2.1/dark_leftbar/dashboard_2.html]
[coderthemes.com/ubold_2.1/dark_leftbar/assets/pages/jquery.dashboard_2.js]
[coderthemes.com/ubold_2.1/dark_leftbar/assets/plugins/jquery-sparkline/jquery.sparkline.min.js]
[coderthemes.com/ubold_2.1/dark_leftbar/dashboard_3.html]
[coderthemes.com/ubold_2.1/dark_leftbar/assets/pages/jquery.dashboard_3.js]
[coderthemes.com/ubold_2.1/dark_leftbar/dashboard_4.html]
[coderthemes.com/ubold_2.1/dark_leftbar/ui-buttons.html]
[coderthemes.com/ubold_2.1/dark_leftbar/assets/pages/jquery.dashboard_4.js]
[coderthemes.com/ubold_2.1/dark_leftbar/assets/plugins/ladda-buttons/css/ladda-themeless.min.css]
[coderthemes.com/ubold_2.1/dark_leftbar/assets/plugins/ladda-buttons/js/spin.min.js]
[coderthemes.com/ubold_2.1/dark_leftbar/assets/plugins/ladda-buttons/js/ladda.min.js]
[coderthemes.com/ubold_2.1/dark_leftbar/ui-loading-buttons.html]
[coderthemes.com/ubold_2.1/dark_leftbar/ui-panels.html]
[coderthemes.com/ubold_2.1/dark_leftbar/ui-portlets.html]
[coderthemes.com/ubold_2.1/dark_leftbar/ui-checkbox-radio.html]
[coderthemes.com/ubold_2.1/dark_leftbar/assets/plugins/ladda-buttons/js/ladda.jquery.min.js]
[coderthemes.com/ubold_2.1/dark_leftbar/assets/images/small/img1.jpg]
[coderthemes.com/ubold_2.1/dark_leftbar/assets/images/small/img2.jpg]
[coderthemes.com/ubold_2.1/dark_leftbar/assets/images/small/img3.jpg]
[coderthemes.com/ubold_2.1/dark_leftbar/ui-tabs.html]
[coderthemes.com/ubold_2.1/dark_leftbar/assets/plugins/custombox/css/custombox.css]
[coderthemes.com/ubold_2.1/dark_leftbar/assets/plugins/custombox/js/custombox.min.js]
[coderthemes.com/ubold_2.1/dark_leftbar/ui-modals.html]
[coderthemes.com/ubold_2.1/dark_leftbar/ui-progressbars.html]
[coderthemes.com/ubold_2.1/dark_leftbar/assets/plugins/custombox/js/legacy.min.js]
[coderthemes.com/ubold_2.1/dark_leftbar/assets/plugins/notifyjs/js/notify.js]
[coderthemes.com/ubold_2.1/dark_leftbar/ui-notification.html]
[coderthemes.com/ubold_2.1/dark_leftbar/assets/plugins/notifications/notify-metro.js]
[coderthemes.com/ubold_2.1/dark_leftbar/assets/images/small/img4.jpg]
[coderthemes.com/ubold_2.1/dark_leftbar/assets/images/big/img1.jpg]
[coderthemes.com/ubold_2.1/dark_leftbar/assets/images/big/img3.jpg]
[coderthemes.com/ubold_2.1/dark_leftbar/assets/images/big/img2.jpg]
[coderthemes.com/ubold_2.1/dark_leftbar/ui-images.html]
[coderthemes.com/ubold_2.1/dark_leftbar/assets/plugins/owl.carousel/dist/assets/owl.carousel.min.css]
[coderthemes.com/ubold_2.1/dark_leftbar/assets/plugins/owl.carousel/dist/assets/owl.theme.default.min.css]
[coderthemes.com/ubold_2.1/dark_leftbar/assets/images/big/img4.jpg]
[coderthemes.com/ubold_2.1/dark_leftbar/assets/images/big/img5.jpg]
[coderthemes.com/ubold_2.1/dark_leftbar/assets/images/gallery/1.jpg]
[coderthemes.com/ubold_2.1/dark_leftbar/assets/images/gallery/2.jpg]
[coderthemes.com/ubold_2.1/dark_leftbar/assets/images/gallery/3.jpg]
[coderthemes.com/ubold_2.1/dark_leftbar/assets/images/gallery/4.jpg]
[coderthemes.com/ubold_2.1/dark_leftbar/assets/images/gallery/5.jpg]
[coderthemes.com/ubold_2.1/dark_leftbar/assets/images/gallery/6.jpg]
[coderthemes.com/ubold_2.1/dark_leftbar/assets/images/gallery/7.jpg]
[coderthemes.com/ubold_2.1/dark_leftbar/assets/images/gallery/8.jpg]
[coderthemes.com/ubold_2.1/dark_leftbar/assets/images/gallery/9.jpg]
[coderthemes.com/ubold_2.1/dark_leftbar/assets/images/gallery/10.jpg]
[coderthemes.com/ubold_2.1/dark_leftbar/assets/plugins/owl.carousel/dist/owl.carousel.min.js]
[coderthemes.com/ubold_2.1/dark_leftbar/ui-carousel.html]
[coderthemes.com/ubold_2.1/dark_leftbar/ui-video.html]
[coderthemes.com/ubold_2.1/dark_leftbar/ui-bootstrap.html]
[coderthemes.com/ubold_2.1/dark_leftbar/ui-typography.html]
[coderthemes.com/ubold_2.1/dark_leftbar/components-grid.html]
[coderthemes.com/ubold_2.1/dark_leftbar/assets/images/blogs/5.jpg]
[coderthemes.com/ubold_2.1/dark_leftbar/assets/images/blogs/1.jpg]
[coderthemes.com/ubold_2.1/dark_leftbar/assets/images/blogs/2.jpg]
[coderthemes.com/ubold_2.1/dark_leftbar/assets/images/blogs/6.jpg]
[coderthemes.com/ubold_2.1/dark_leftbar/assets/plugins/skyicons/skycons.min.js]
[coderthemes.com/ubold_2.1/dark_leftbar/assets/pages/jquery.widgets.js]
[coderthemes.com/ubold_2.1/dark_leftbar/components-widgets.html]
[coderthemes.com/ubold_2.1/dark_leftbar/assets/plugins/nestable/jquery.nestable.css]
[coderthemes.com/ubold_2.1/dark_leftbar/assets/plugins/nestable/jquery.nestable.js]
[coderthemes.com/ubold_2.1/dark_leftbar/components-nestable-list.html]
[coderthemes.com/ubold_2.1/dark_leftbar/assets/pages/nestable.js]
[coderthemes.com/ubold_2.1/dark_leftbar/assets/plugins/ion-rangeslider/ion.rangeSlider.css]
[coderthemes.com/ubold_2.1/dark_leftbar/assets/plugins/ion-rangeslider/ion.rangeSlider.skinFlat.css]
[coderthemes.com/ubold_2.1/dark_leftbar/assets/plugins/bootstrap-slider/css/bootstrap-slider.min.css]
[coderthemes.com/ubold_2.1/dark_leftbar/assets/plugins/ion-rangeslider/ion.rangeSlider.min.js]
[coderthemes.com/ubold_2.1/dark_leftbar/assets/plugins/bootstrap-slider/js/bootstrap-slider.min.js]
[coderthemes.com/ubold_2.1/dark_leftbar/components-range-sliders.html]
[coderthemes.com/ubold_2.1/dark_leftbar/assets/pages/jquery.ui-sliders.js]
[coderthemes.com/ubold_2.1/dark_leftbar/components-masonry.html]
[coderthemes.com/ubold_2.1/dark_leftbar/assets/plugins/isotope/js/isotope.pkgd.min.js]
[coderthemes.com/ubold_2.1/dark_leftbar/assets/plugins/animate/animate.min.css]
[coderthemes.com/ubold_2.1/dark_leftbar/components-animation.html]
[coderthemes.com/ubold_2.1/dark_leftbar/assets/images/macbook.png]
[coderthemes.com/ubold_2.1/dark_leftbar/components-sweet-alert.html]
[coderthemes.com/ubold_2.1/dark_leftbar/assets/pages/jquery.sweet-alert.init.js]
[coderthemes.com/ubold_2.1/dark_leftbar/assets/plugins/jstree/style.css]
[coderthemes.com/ubold_2.1/dark_leftbar/components-treeview.html]
[coderthemes.com/ubold_2.1/dark_leftbar/assets/plugins/jstree/jstree.min.js]
[coderthemes.com/ubold_2.1/dark_leftbar/assets/pages/jquery.tree.js]
[coderthemes.com/ubold_2.1/dark_leftbar/assets/plugins/hopscotch/css/hopscotch.min.css]
[coderthemes.com/ubold_2.1/dark_leftbar/components-tour.html]
[coderthemes.com/ubold_2.1/dark_leftbar/icons-glyphicons.html]
[coderthemes.com/ubold_2.1/dark_leftbar/icons-materialdesign.html]
[coderthemes.com/ubold_2.1/dark_leftbar/assets/plugins/hopscotch/js/hopscotch.min.js]
[coderthemes.com/ubold_2.1/dark_leftbar/icons-ionicons.html]
[coderthemes.com/ubold_2.1/dark_leftbar/icons-fontawesome.html]
[coderthemes.com/ubold_2.1/dark_leftbar/icons-themifyicon.html]
[coderthemes.com/ubold_2.1/dark_leftbar/icons-simple-line.html]
[coderthemes.com/ubold_2.1/dark_leftbar/icons-weather.html]
[coderthemes.com/ubold_2.1/dark_leftbar/icons-typicons.html]
[coderthemes.com/ubold_2.1/dark_leftbar/form-elements.html]
[coderthemes.com/ubold_2.1/dark_leftbar/assets/plugins/bootstrap-tagsinput/css/bootstrap-tagsinput.css]
[coderthemes.com/ubold_2.1/dark_leftbar/assets/plugins/switchery/css/switchery.min.css]
[coderthemes.com/ubold_2.1/dark_leftbar/assets/plugins/multiselect/css/multi-select.css]
[coderthemes.com/ubold_2.1/dark_leftbar/assets/plugins/select2/css/select2.min.css]
[coderthemes.com/ubold_2.1/dark_leftbar/assets/plugins/bootstrap-select/css/bootstrap-select.min.css]
[coderthemes.com/ubold_2.1/dark_leftbar/assets/plugins/bootstrap-touchspin/css/jquery.bootstrap-touchspin.min.css]
[coderthemes.com/ubold_2.1/dark_leftbar/assets/plugins/bootstrap-tagsinput/js/bootstrap-tagsinput.min.js]
[coderthemes.com/ubold_2.1/dark_leftbar/assets/plugins/switchery/js/switchery.min.js]
[coderthemes.com/ubold_2.1/dark_leftbar/assets/plugins/multiselect/js/jquery.multi-select.js]
[coderthemes.com/ubold_2.1/dark_leftbar/assets/plugins/jquery-quicksearch/jquery.quicksearch.js]
[coderthemes.com/ubold_2.1/dark_leftbar/assets/plugins/select2/js/select2.min.js]
[coderthemes.com/ubold_2.1/dark_leftbar/assets/plugins/bootstrap-select/js/bootstrap-select.min.js]
[coderthemes.com/ubold_2.1/dark_leftbar/assets/plugins/bootstrap-filestyle/js/bootstrap-filestyle.min.js]
[coderthemes.com/ubold_2.1/dark_leftbar/assets/plugins/bootstrap-touchspin/js/jquery.bootstrap-touchspin.min.js]
[coderthemes.com/ubold_2.1/dark_leftbar/assets/plugins/bootstrap-maxlength/bootstrap-maxlength.min.js]
[coderthemes.com/ubold_2.1/dark_leftbar/assets/plugins/autocomplete/jquery.mockjax.js]
[coderthemes.com/ubold_2.1/dark_leftbar/assets/plugins/autocomplete/jquery.autocomplete.min.js]
[coderthemes.com/ubold_2.1/dark_leftbar/assets/plugins/autocomplete/countries.js]
[coderthemes.com/ubold_2.1/dark_leftbar/assets/pages/autocomplete.js]
[coderthemes.com/ubold_2.1/dark_leftbar/form-advanced.html]
[coderthemes.com/ubold_2.1/dark_leftbar/assets/pages/jquery.form-advanced.init.js]
[coderthemes.com/ubold_2.1/dark_leftbar/form-validation.html]
[coderthemes.com/ubold_2.1/dark_leftbar/assets/plugins/parsleyjs/parsley.min.js]
[coderthemes.com/ubold_2.1/dark_leftbar/assets/plugins/timepicker/bootstrap-timepicker.min.css]
[coderthemes.com/ubold_2.1/dark_leftbar/assets/plugins/bootstrap-colorpicker/css/bootstrap-colorpicker.min.css]
[coderthemes.com/ubold_2.1/dark_leftbar/assets/plugins/bootstrap-datepicker/css/bootstrap-datepicker.min.css]
[coderthemes.com/ubold_2.1/dark_leftbar/assets/plugins/clockpicker/css/bootstrap-clockpicker.min.css]
[coderthemes.com/ubold_2.1/dark_leftbar/assets/plugins/bootstrap-daterangepicker/daterangepicker.css]
[coderthemes.com/ubold_2.1/dark_leftbar/assets/plugins/timepicker/bootstrap-timepicker.js]
[coderthemes.com/ubold_2.1/dark_leftbar/assets/plugins/bootstrap-colorpicker/js/bootstrap-colorpicker.min.js]
[coderthemes.com/ubold_2.1/dark_leftbar/assets/plugins/bootstrap-datepicker/js/bootstrap-datepicker.min.js]
[coderthemes.com/ubold_2.1/dark_leftbar/assets/plugins/clockpicker/js/bootstrap-clockpicker.min.js]
[coderthemes.com/ubold_2.1/dark_leftbar/assets/plugins/bootstrap-daterangepicker/daterangepicker.js]
[coderthemes.com/ubold_2.1/dark_leftbar/form-pickers.html]
[coderthemes.com/ubold_2.1/dark_leftbar/assets/pages/jquery.form-pickers.init.js]
[coderthemes.com/ubold_2.1/dark_leftbar/assets/plugins/jquery.steps/css/jquery.steps.css]
[coderthemes.com/ubold_2.1/dark_leftbar/assets/plugins/jquery.steps/js/jquery.steps.min.js]
[coderthemes.com/ubold_2.1/dark_leftbar/assets/plugins/jquery-validation/js/jquery.validate.min.js]
[coderthemes.com/ubold_2.1/dark_leftbar/form-wizard.html]
[coderthemes.com/ubold_2.1/dark_leftbar/assets/pages/jquery.wizard-init.js]
[coderthemes.com/ubold_2.1/dark_leftbar/assets/plugins/bootstrap-inputmask/bootstrap-inputmask.min.js]
[coderthemes.com/ubold_2.1/dark_leftbar/form-mask.html]
[coderthemes.com/ubold_2.1/dark_leftbar/assets/plugins/autoNumeric/autoNumeric.js]
[coderthemes.com/ubold_2.1/dark_leftbar/assets/plugins/summernote/summernote.css]
[coderthemes.com/ubold_2.1/dark_leftbar/form-summernote.html]
[coderthemes.com/ubold_2.1/dark_leftbar/assets/plugins/summernote/summernote.min.js]
[coderthemes.com/ubold_2.1/dark_leftbar/form-wysiwig.html]
[coderthemes.com/ubold_2.1/dark_leftbar/assets/plugins/codemirror/css/codemirror.css]
[coderthemes.com/ubold_2.1/dark_leftbar/assets/plugins/codemirror/css/ambiance.css]
[coderthemes.com/ubold_2.1/dark_leftbar/assets/plugins/tinymce/tinymce.min.js]
[coderthemes.com/ubold_2.1/dark_leftbar/assets/plugins/codemirror/js/formatting.js]
[coderthemes.com/ubold_2.1/dark_leftbar/assets/plugins/codemirror/js/xml.js]
[coderthemes.com/ubold_2.1/dark_leftbar/assets/plugins/codemirror/js/codemirror.js]
[coderthemes.com/ubold_2.1/dark_leftbar/form-code-editor.html]
[coderthemes.com/ubold_2.1/dark_leftbar/assets/pages/jquery.codemirror.init.js]
[coderthemes.com/ubold_2.1/dark_leftbar/assets/plugins/dropzone/dropzone.css]
[coderthemes.com/ubold_2.1/dark_leftbar/form-uploads.html]
[coderthemes.com/ubold_2.1/dark_leftbar/assets/plugins/dropzone/dropzone.js]
[coderthemes.com/ubold_2.1/dark_leftbar/assets/plugins/x-editable/css/bootstrap-editable.css]
[coderthemes.com/ubold_2.1/dark_leftbar/assets/plugins/x-editable/js/bootstrap-editable.min.js]
[coderthemes.com/ubold_2.1/dark_leftbar/form-xeditable.html]
[coderthemes.com/ubold_2.1/dark_leftbar/assets/pages/jquery.xeditable.js]
[coderthemes.com/ubold_2.1/dark_leftbar/assets/plugins/cropper/cropper.css]
[coderthemes.com/ubold_2.1/dark_leftbar/form-image-crop.html]
[coderthemes.com/ubold_2.1/dark_leftbar/tables-basic.html]
[coderthemes.com/ubold_2.1/dark_leftbar/assets/plugins/cropper/cropper.min.js]
[coderthemes.com/ubold_2.1/dark_leftbar/assets/plugins/datatables/jquery.dataTables.min.css]
[coderthemes.com/ubold_2.1/dark_leftbar/assets/plugins/datatables/buttons.bootstrap.min.css]
[coderthemes.com/ubold_2.1/dark_leftbar/assets/plugins/datatables/fixedHeader.bootstrap.min.css]
[coderthemes.com/ubold_2.1/dark_leftbar/assets/plugins/datatables/responsive.bootstrap.min.css]
[coderthemes.com/ubold_2.1/dark_leftbar/assets/plugins/datatables/scroller.bootstrap.min.css]
[coderthemes.com/ubold_2.1/dark_leftbar/assets/plugins/datatables/dataTables.colVis.css]
[coderthemes.com/ubold_2.1/dark_leftbar/assets/plugins/datatables/dataTables.bootstrap.min.css]
[coderthemes.com/ubold_2.1/dark_leftbar/assets/plugins/datatables/fixedColumns.dataTables.min.css]
[coderthemes.com/ubold_2.1/dark_leftbar/assets/plugins/datatables/jquery.dataTables.min.js]
[coderthemes.com/ubold_2.1/dark_leftbar/assets/plugins/datatables/dataTables.bootstrap.js]
[coderthemes.com/ubold_2.1/dark_leftbar/assets/plugins/datatables/dataTables.buttons.min.js]
[coderthemes.com/ubold_2.1/dark_leftbar/assets/plugins/datatables/buttons.bootstrap.min.js]
[coderthemes.com/ubold_2.1/dark_leftbar/assets/plugins/datatables/jszip.min.js]
[coderthemes.com/ubold_2.1/dark_leftbar/assets/plugins/datatables/buttons.html5.min.js]
[coderthemes.com/ubold_2.1/dark_leftbar/assets/plugins/datatables/buttons.print.min.js]
[coderthemes.com/ubold_2.1/dark_leftbar/assets/plugins/datatables/pdfmake.min.js]
[coderthemes.com/ubold_2.1/dark_leftbar/assets/plugins/datatables/dataTables.fixedHeader.min.js]
[coderthemes.com/ubold_2.1/dark_leftbar/assets/plugins/datatables/dataTables.keyTable.min.js]
[coderthemes.com/ubold_2.1/dark_leftbar/assets/plugins/datatables/dataTables.responsive.min.js]
[coderthemes.com/ubold_2.1/dark_leftbar/assets/plugins/datatables/responsive.bootstrap.min.js]
[coderthemes.com/ubold_2.1/dark_leftbar/assets/plugins/datatables/dataTables.scroller.min.js]
[coderthemes.com/ubold_2.1/dark_leftbar/assets/plugins/datatables/dataTables.colVis.js]
[coderthemes.com/ubold_2.1/dark_leftbar/tables-datatable.html]
[coderthemes.com/ubold_2.1/dark_leftbar/assets/plugins/datatables/dataTables.fixedColumns.min.js]
[coderthemes.com/ubold_2.1/dark_leftbar/assets/pages/datatables.init.js]
[coderthemes.com/ubold_2.1/dark_leftbar/assets/plugins/magnific-popup/css/magnific-popup.css]
[coderthemes.com/ubold_2.1/dark_leftbar/assets/plugins/jquery-datatables-editable/datatables.css]
[coderthemes.com/ubold_2.1/dark_leftbar/assets/plugins/datatables/vfs_fonts.js]
[coderthemes.com/ubold_2.1/dark_leftbar/assets/plugins/magnific-popup/js/jquery.magnific-popup.min.js]
[coderthemes.com/ubold_2.1/dark_leftbar/assets/plugins/tiny-editable/mindmup-editabletable.js]
[coderthemes.com/ubold_2.1/dark_leftbar/tables-editable.html]
[coderthemes.com/ubold_2.1/dark_leftbar/assets/plugins/tiny-editable/numeric-input-example.js]
[coderthemes.com/ubold_2.1/dark_leftbar/assets/plugins/jquery-datatables-editable/jquery.dataTables.js]
[coderthemes.com/ubold_2.1/dark_leftbar/assets/pages/datatables.editable.init.js]
[coderthemes.com/ubold_2.1/dark_leftbar/assets/plugins/responsive-table/css/rwd-table.min.css]
[coderthemes.com/ubold_2.1/dark_leftbar/tables-responsive.html]
[coderthemes.com/ubold_2.1/dark_leftbar/assets/plugins/responsive-table/js/rwd-table.min.js]
[coderthemes.com/ubold_2.1/dark_leftbar/assets/plugins/footable/css/footable.core.css]
[coderthemes.com/ubold_2.1/dark_leftbar/assets/plugins/footable/js/footable.all.min.js]
[coderthemes.com/ubold_2.1/dark_leftbar/tables-foo-tables.html]
[coderthemes.com/ubold_2.1/dark_leftbar/assets/pages/jquery.footable.js]
[coderthemes.com/ubold_2.1/dark_leftbar/assets/plugins/bootstrap-table/css/bootstrap-table.min.css]
[coderthemes.com/ubold_2.1/dark_leftbar/assets/plugins/bootstrap-table/js/bootstrap-table.min.js]
[coderthemes.com/ubold_2.1/dark_leftbar/tables-bootstrap.html]
[coderthemes.com/ubold_2.1/dark_leftbar/assets/pages/jquery.bs-table.js]
[coderthemes.com/ubold_2.1/dark_leftbar/assets/plugins/tablesaw/css/tablesaw.css]
[coderthemes.com/ubold_2.1/dark_leftbar/assets/plugins/tablesaw/js/tablesaw.js]
[coderthemes.com/ubold_2.1/dark_leftbar/tables-tablesaw.html]
[coderthemes.com/ubold_2.1/dark_leftbar/assets/plugins/tablesaw/js/tablesaw-init.js]
[coderthemes.com/ubold_2.1/dark_leftbar/assets/plugins/jsgrid/css/jsgrid.min.css]
[coderthemes.com/ubold_2.1/dark_leftbar/assets/plugins/jsgrid/css/jsgrid-theme.min.css]
[coderthemes.com/ubold_2.1/dark_leftbar/assets/plugins/jsgrid/js/jsgrid.min.js]
[coderthemes.com/ubold_2.1/dark_leftbar/tables-jsgrid.html]
[coderthemes.com/ubold_2.1/dark_leftbar/assets/pages/jquery.jsgrid.init.js]
[coderthemes.com/ubold_2.1/dark_leftbar/assets/plugins/flot-chart/jquery.flot.min.js]
[coderthemes.com/ubold_2.1/dark_leftbar/assets/plugins/flot-chart/jquery.flot.time.js]
[coderthemes.com/ubold_2.1/dark_leftbar/assets/plugins/flot-chart/jquery.flot.tooltip.min.js]
[coderthemes.com/ubold_2.1/dark_leftbar/assets/plugins/flot-chart/jquery.flot.resize.js]
[coderthemes.com/ubold_2.1/dark_leftbar/assets/plugins/flot-chart/jquery.flot.pie.js]
[coderthemes.com/ubold_2.1/dark_leftbar/assets/plugins/flot-chart/jquery.flot.selection.js]
[coderthemes.com/ubold_2.1/dark_leftbar/assets/plugins/flot-chart/jquery.flot.stack.js]
[coderthemes.com/ubold_2.1/dark_leftbar/assets/plugins/flot-chart/jquery.flot.orderBars.min.js]
[coderthemes.com/ubold_2.1/dark_leftbar/assets/plugins/flot-chart/jquery.flot.crosshair.js]
[coderthemes.com/ubold_2.1/dark_leftbar/chart-flot.html]
[coderthemes.com/ubold_2.1/dark_leftbar/assets/pages/jquery.flot.init.js]
[coderthemes.com/ubold_2.1/dark_leftbar/chart-morris.html]
[coderthemes.com/ubold_2.1/dark_leftbar/assets/pages/morris.init.js]
[coderthemes.com/ubold_2.1/dark_leftbar/assets/plugins/chart.js/chart.min.js]
[coderthemes.com/ubold_2.1/dark_leftbar/chart-chartjs.html]
[coderthemes.com/ubold_2.1/dark_leftbar/assets/pages/jquery.chartjs.init.js]
[coderthemes.com/ubold_2.1/dark_leftbar/chart-peity.html]
[coderthemes.com/ubold_2.1/dark_leftbar/assets/pages/jquery.peity.init.js]
[coderthemes.com/ubold_2.1/dark_leftbar/assets/plugins/chartist/css/chartist.min.css]
[coderthemes.com/ubold_2.1/dark_leftbar/assets/plugins/chartist/js/chartist.min.js]
[coderthemes.com/ubold_2.1/dark_leftbar/assets/plugins/chartist/js/chartist-plugin-tooltip.min.js]
[coderthemes.com/ubold_2.1/dark_leftbar/chart-chartist.html]
[coderthemes.com/ubold_2.1/dark_leftbar/assets/pages/jquery.chartist.init.js]
[coderthemes.com/ubold_2.1/dark_leftbar/assets/plugins/c3/c3.min.css]
[coderthemes.com/ubold_2.1/dark_leftbar/chart-c3.html]
[coderthemes.com/ubold_2.1/dark_leftbar/assets/plugins/d3/d3.min.js]
[coderthemes.com/ubold_2.1/dark_leftbar/assets/pages/jquery.c3-chart.init.js]
[coderthemes.com/ubold_2.1/dark_leftbar/assets/plugins/c3/c3.min.js]
[coderthemes.com/ubold_2.1/dark_leftbar/assets/plugins/nvd3/nv.d3.min.css]
[coderthemes.com/ubold_2.1/dark_leftbar/chart-nvd3.html]
[coderthemes.com/ubold_2.1/dark_leftbar/assets/pages/jquery.nvd3.init.js]
[coderthemes.com/ubold_2.1/dark_leftbar/assets/plugins/nvd3/nv.d3.min.js]
[coderthemes.com/ubold_2.1/dark_leftbar/chart-sparkline.html]
[coderthemes.com/ubold_2.1/dark_leftbar/assets/pages/jquery.charts-sparkline.js]
[coderthemes.com/ubold_2.1/dark_leftbar/chart-radial.html]
[coderthemes.com/ubold_2.1/dark_leftbar/assets/plugins/radial/radial.css]
[coderthemes.com/ubold_2.1/dark_leftbar/assets/plugins/jquery-circliful/css/jquery.circliful.css]
[coderthemes.com/ubold_2.1/dark_leftbar/assets/plugins/jquery.easy-pie-chart/dist/easypiechart.min.js]
[coderthemes.com/ubold_2.1/dark_leftbar/assets/plugins/jquery.easy-pie-chart/dist/jquery.easypiechart.min.js]
[coderthemes.com/ubold_2.1/dark_leftbar/assets/pages/easy-pie-chart.init.js]
[coderthemes.com/ubold_2.1/dark_leftbar/chart-other.html]
[coderthemes.com/ubold_2.1/dark_leftbar/assets/plugins/jquery-circliful/js/jquery.circliful.min.js]
[coderthemes.com/ubold_2.1/dark_leftbar/assets/plugins/rickshaw-chart/rickshaw.min.css]
[coderthemes.com/ubold_2.1/dark_leftbar/assets/plugins/rickshaw-chart/rickshaw.min.js]
[coderthemes.com/ubold_2.1/dark_leftbar/chart-ricksaw.html]
[coderthemes.com/ubold_2.1/dark_leftbar/assets/pages/jquery.rickshaw.chart.init.js]
[coderthemes.com/ubold_2.1/dark_leftbar/assets/plugins/gmaps/gmaps.min.js]
[coderthemes.com/ubold_2.1/dark_leftbar/map-google.html]
[coderthemes.com/ubold_2.1/dark_leftbar/assets/pages/jquery.gmaps.js]
[coderthemes.com/ubold_2.1/dark_leftbar/assets/plugins/jvectormap/jquery-jvectormap-2.0.2.css]
[coderthemes.com/ubold_2.1/dark_leftbar/assets/plugins/jvectormap/jquery-jvectormap-2.0.2.min.js]
[coderthemes.com/ubold_2.1/dark_leftbar/assets/plugins/jvectormap/jquery-jvectormap-world-mill-en.js]
[coderthemes.com/ubold_2.1/dark_leftbar/assets/plugins/jvectormap/gdp-data.js]
[coderthemes.com/ubold_2.1/dark_leftbar/assets/plugins/jvectormap/jquery-jvectormap-us-aea-en.js]
[coderthemes.com/ubold_2.1/dark_leftbar/assets/plugins/jvectormap/jquery-jvectormap-uk-mill-en.js]
[coderthemes.com/ubold_2.1/dark_leftbar/assets/plugins/jvectormap/jquery-jvectormap-au-mill.js]
[coderthemes.com/ubold_2.1/dark_leftbar/assets/plugins/jvectormap/jquery-jvectormap-us-il-chicago-mill-en.js]
[coderthemes.com/ubold_2.1/dark_leftbar/assets/plugins/jvectormap/jquery-jvectormap-de-mill.js]
[coderthemes.com/ubold_2.1/dark_leftbar/assets/plugins/jvectormap/jquery-jvectormap-ca-lcc.js]
[coderthemes.com/ubold_2.1/dark_leftbar/assets/plugins/jvectormap/jquery-jvectormap-in-mill.js]
[coderthemes.com/ubold_2.1/dark_leftbar/map-vector.html]
[coderthemes.com/ubold_2.1/dark_leftbar/page-starter.html]
[coderthemes.com/ubold_2.1/dark_leftbar/page-login.html]
[coderthemes.com/ubold_2.1/dark_leftbar/page-login-v2.html]
[coderthemes.com/ubold_2.1/dark_leftbar/page-register.html]
[coderthemes.com/ubold_2.1/dark_leftbar/page-register-v2.html]
[coderthemes.com/ubold_2.1/dark_leftbar/page-signup-signin.html]
[coderthemes.com/ubold_2.1/dark_leftbar/page-recoverpw.html]
[coderthemes.com/ubold_2.1/dark_leftbar/page-lock-screen.html]
[coderthemes.com/ubold_2.1/dark_leftbar/page-400.html]
[coderthemes.com/ubold_2.1/dark_leftbar/page-403.html]
[coderthemes.com/ubold_2.1/dark_leftbar/page-404.html]
[coderthemes.com/ubold_2.1/dark_leftbar/page-404_alt.html]
[coderthemes.com/ubold_2.1/dark_leftbar/page-500.html]
[coderthemes.com/ubold_2.1/dark_leftbar/page-503.html]
[coderthemes.com/ubold_2.1/dark_leftbar/extra-profile.html]
[coderthemes.com/ubold_2.1/dark_leftbar/extra-timeline.html]
[coderthemes.com/ubold_2.1/dark_leftbar/assets/pages/jvectormap.init.js]
[coderthemes.com/ubold_2.1/dark_leftbar/assets/plugins/jvectormap/jquery-jvectormap-asia-mill.js]
[coderthemes.com/ubold_2.1/dark_leftbar/extra-sitemap.html]
[coderthemes.com/ubold_2.1/dark_leftbar/assets/images/logo_dark.png]
[coderthemes.com/ubold_2.1/dark_leftbar/extra-invoice.html]
[coderthemes.com/ubold_2.1/dark_leftbar/email-templates/action.html]
[coderthemes.com/ubold_2.1/dark_leftbar/assets/images/email/1.png]
[coderthemes.com/ubold_2.1/dark_leftbar/email-templates/alert.html]
[coderthemes.com/ubold_2.1/dark_leftbar/assets/images/email/2.png]
[coderthemes.com/ubold_2.1/dark_leftbar/email-templates/billing.html]
[coderthemes.com/ubold_2.1/dark_leftbar/assets/images/email/3.png]
[coderthemes.com/ubold_2.1/dark_leftbar/extra-email-template.html]
[coderthemes.com/ubold_2.1/dark_leftbar/extra-maintenance.html]
[coderthemes.com/ubold_2.1/dark_leftbar/assets/plugins/countdown/dest/jquery.countdown.min.js]
[coderthemes.com/ubold_2.1/dark_leftbar/extra-coming-soon.html]
[coderthemes.com/ubold_2.1/dark_leftbar/extra-faq.html]
[coderthemes.com/ubold_2.1/dark_leftbar/extra-search-result.html]
[coderthemes.com/ubold_2.1/dark_leftbar/assets/plugins/simple-text-rotator/jquery.simple-text-rotator.min.js]
[coderthemes.com/ubold_2.1/dark_leftbar/assets/images/gallery/11.jpg]
[coderthemes.com/ubold_2.1/dark_leftbar/assets/images/gallery/12.jpg]
[coderthemes.com/ubold_2.1/dark_leftbar/extra-gallery.html]
[coderthemes.com/ubold_2.1/dark_leftbar/extra-pricing.html]
[coderthemes.com/ubold_2.1/dark_leftbar/assets/plugins/fullcalendar/css/fullcalendar.min.css]
[coderthemes.com/ubold_2.1/dark_leftbar/apps-calendar.html]
[coderthemes.com/ubold_2.1/dark_leftbar/apps-contact.html]
[coderthemes.com/ubold_2.1/dark_leftbar/assets/plugins/jquery-ui/jquery-ui.min.js]
[coderthemes.com/ubold_2.1/dark_leftbar/assets/plugins/fullcalendar/js/fullcalendar.min.js]
[coderthemes.com/ubold_2.1/dark_leftbar/assets/pages/jquery.fullcalendar.js]
[coderthemes.com/ubold_2.1/dark_leftbar/apps-taskboard.html]
[coderthemes.com/ubold_2.1/dark_leftbar/email-inbox.html]
[coderthemes.com/ubold_2.1/dark_leftbar/email-read.html]
[coderthemes.com/ubold_2.1/dark_leftbar/email-compose.html]
[coderthemes.com/ubold_2.1/dark_leftbar/layout-leftbar_2.html]
[coderthemes.com/ubold_2.1/dark_leftbar/layout-menu-collapsed.html]
[coderthemes.com/ubold_2.1/dark_leftbar/assets/plugins/jquery-ui/jquery-ui.min.css]
[coderthemes.com/ubold_2.1/dark_leftbar/layout-menu-small.html]
[coderthemes.com/ubold_2.1/dark_leftbar/layout-header_2.html]
[coderthemes.com/ubold_2.1/dark_leftbar/crm-dashboard.html]
[coderthemes.com/ubold_2.1/dark_leftbar/crm-contact.html]
[coderthemes.com/ubold_2.1/dark_leftbar/assets/pages/jquery.dashboard_crm.js]
[coderthemes.com/ubold_2.1/dark_leftbar/crm-opportunities.html]
[coderthemes.com/ubold_2.1/dark_leftbar/assets/pages/jquery.opportunities.init.js]
[coderthemes.com/ubold_2.1/dark_leftbar/assets/images/brand/envato.jpg]
[coderthemes.com/ubold_2.1/dark_leftbar/assets/images/brand/coco-cola.jpg]
[coderthemes.com/ubold_2.1/dark_leftbar/assets/images/brand/dribbble-1.jpg]
[coderthemes.com/ubold_2.1/dark_leftbar/assets/images/brand/coder.jpg]
[coderthemes.com/ubold_2.1/dark_leftbar/assets/images/brand/wrap.jpg]
[coderthemes.com/ubold_2.1/dark_leftbar/crm-leads.html]
[coderthemes.com/ubold_2.1/dark_leftbar/crm-customers.html]
[coderthemes.com/ubold_2.1/dark_leftbar/assets/pages/jquery.leads.init.js]
[coderthemes.com/ubold_2.1/dark_leftbar/ecommerce-dashboard.html]
[coderthemes.com/ubold_2.1/dark_leftbar/assets/pages/jquery.dashboard_ecommerce.js]
[coderthemes.com/ubold_2.1/dark_leftbar/assets/images/products/big/1.jpg]
[coderthemes.com/ubold_2.1/dark_leftbar/assets/images/products/big/2.jpg]
[coderthemes.com/ubold_2.1/dark_leftbar/assets/images/products/big/3.jpg]
[coderthemes.com/ubold_2.1/dark_leftbar/assets/images/products/big/4.jpg]
[coderthemes.com/ubold_2.1/dark_leftbar/assets/images/products/big/5.jpg]
[coderthemes.com/ubold_2.1/dark_leftbar/assets/images/products/big/6.jpg]
[coderthemes.com/ubold_2.1/dark_leftbar/assets/images/products/big/7.jpg]
[coderthemes.com/ubold_2.1/dark_leftbar/assets/images/products/big/8.jpg]
[coderthemes.com/ubold_2.1/dark_leftbar/ecommerce-products.html]
[coderthemes.com/ubold_2.1/dark_leftbar/assets/plugins/smoothproducts/css/smoothproducts.css]
[coderthemes.com/ubold_2.1/dark_leftbar/assets/images/sp-loading.gif]
[coderthemes.com/ubold_2.1/dark_leftbar/assets/plugins/smoothproducts/js/smoothproducts.min.js]
[coderthemes.com/ubold_2.1/dark_leftbar/ecommerce-product-detail.html]
[coderthemes.com/ubold_2.1/dark_leftbar/assets/plugins/select2/js/select2.full.min.js]
[coderthemes.com/ubold_2.1/dark_leftbar/ecommerce-product-edit.html]
[coderthemes.com/ubold_2.1/dark_leftbar/ecommerce-orders.html]
[coderthemes.com/ubold_2.1/dark_leftbar/ecommerce-sellers.html]
[coderthemes.com/ubold_2.1/dark_leftbar/assets/js/jquery.min.js]
[coderthemes.com/ubold_2.1/dark_leftbar/assets/js/bootstrap.min.js]
[coderthemes.com/ubold_2.1/dark_leftbar/assets/js/detect.js]
[coderthemes.com/ubold_2.1/dark_leftbar/assets/js/fastclick.js]
[coderthemes.com/ubold_2.1/dark_leftbar/assets/js/jquery.slimscroll.js]
[coderthemes.com/ubold_2.1/dark_leftbar/assets/js/jquery.blockUI.js]
[coderthemes.com/ubold_2.1/dark_leftbar/assets/js/waves.js]
[coderthemes.com/ubold_2.1/dark_leftbar/assets/js/wow.min.js]
[coderthemes.com/ubold_2.1/dark_leftbar/assets/js/jquery.nicescroll.js]
[coderthemes.com/ubold_2.1/dark_leftbar/assets/js/jquery.scrollTo.min.js]
[coderthemes.com/ubold_2.1/dark_leftbar/assets/plugins/peity/jquery.peity.min.js]
[coderthemes.com/ubold_2.1/dark_leftbar/assets/plugins/waypoints/lib/jquery.waypoints.js]
[coderthemes.com/ubold_2.1/dark_leftbar/assets/plugins/counterup/jquery.counterup.min.js]
[coderthemes.com/ubold_2.1/dark_leftbar/assets/plugins/morris/morris.min.js]
[coderthemes.com/ubold_2.1/dark_leftbar/assets/plugins/raphael/raphael-min.js]
[coderthemes.com/ubold_2.1/dark_leftbar/assets/plugins/jquery-knob/jquery.knob.js]
[coderthemes.com/ubold_2.1/dark_leftbar/assets/pages/jquery.dashboard.js]
[coderthemes.com/ubold_2.1/dark_leftbar/assets/js/jquery.core.js]
[coderthemes.com/ubold_2.1/dark_leftbar/assets/js/jquery.app.js]
[coderthemes.com/ubold_2.1/dark_leftbar/assets/fonts/glyphicons-halflings-regular.svg]
[coderthemes.com/ubold_2.1/dark_leftbar/assets/fonts/fontawesome-webfont5b62.svg]
[coderthemes.com/ubold_2.1/dark_leftbar/assets/fonts/themify9f24.svg]
[coderthemes.com/ubold_2.1/dark_leftbar/assets/fonts/Material-Design-Iconic-Fontf700.svg]
[coderthemes.com/ubold_2.1/dark_leftbar/assets/fonts/Simple-Line-Icons4c82.svg]
[coderthemes.com/ubold_2.1/dark_leftbar/assets/fonts/ioniconsaa26.svg]
[coderthemes.com/ubold_2.1/dark_leftbar/assets/fonts/weathericons-regular-webfont.svg]
[coderthemes.com/ubold_2.1/dark_leftbar/assets/fonts/typicons.svg]
[coderthemes.com/ubold_2.1/dark_leftbar/assets/plugins/bootstrap-sweetalert/sweet-alert.css]
[coderthemes.com/ubold_2.1/dark_leftbar/assets/plugins/moment/moment.js]
[coderthemes.com/ubold_2.1/dark_leftbar/assets/plugins/bootstrap-sweetalert/sweet-alert.min.js]
[coderthemes.com/ubold_2.1/dark_leftbar/assets/pages/jquery.todo.js]
[coderthemes.com/ubold_2.1/dark_leftbar/assets/pages/jquery.chat.js]
[coderthemes.com/ubold_2.1/dark_leftbar/assets/pages/jquery.dashboard_2.js]
[coderthemes.com/ubold_2.1/dark_leftbar/assets/plugins/jquery-sparkline/jquery.sparkline.min.js]
[coderthemes.com/ubold_2.1/dark_leftbar/assets/pages/jquery.dashboard_3.js]
[coderthemes.com/ubold_2.1/dark_leftbar/assets/pages/jquery.dashboard_4.js]
[coderthemes.com/ubold_2.1/dark_leftbar/assets/plugins/ladda-buttons/css/ladda-themeless.min.css]
[coderthemes.com/ubold_2.1/dark_leftbar/assets/plugins/ladda-buttons/js/spin.min.js]
[coderthemes.com/ubold_2.1/dark_leftbar/assets/plugins/ladda-buttons/js/ladda.min.js]
[coderthemes.com/ubold_2.1/dark_leftbar/assets/plugins/ladda-buttons/js/ladda.jquery.min.js]
[coderthemes.com/ubold_2.1/dark_leftbar/assets/plugins/custombox/css/custombox.css]
[coderthemes.com/ubold_2.1/dark_leftbar/assets/plugins/custombox/js/custombox.min.js]
[coderthemes.com/ubold_2.1/dark_leftbar/assets/plugins/custombox/js/legacy.min.js]
[coderthemes.com/ubold_2.1/dark_leftbar/assets/plugins/notifyjs/js/notify.js]
[coderthemes.com/ubold_2.1/dark_leftbar/assets/plugins/notifications/notify-metro.js]
[coderthemes.com/ubold_2.1/dark_leftbar/assets/plugins/owl.carousel/dist/assets/owl.video.play.png]
[coderthemes.com/ubold_2.1/dark_leftbar/assets/plugins/owl.carousel/dist/assets/owl.carousel.min.css]
[coderthemes.com/ubold_2.1/dark_leftbar/assets/plugins/owl.carousel/dist/assets/owl.theme.default.min.css]
[coderthemes.com/ubold_2.1/dark_leftbar/assets/plugins/owl.carousel/dist/owl.carousel.min.js]
[coderthemes.com/ubold_2.1/dark_leftbar/assets/plugins/skyicons/skycons.min.js]
[coderthemes.com/ubold_2.1/dark_leftbar/assets/pages/jquery.widgets.js]
[coderthemes.com/ubold_2.1/dark_leftbar/assets/plugins/nestable/jquery.nestable.css]
[coderthemes.com/ubold_2.1/dark_leftbar/assets/plugins/nestable/jquery.nestable.js]
[coderthemes.com/ubold_2.1/dark_leftbar/assets/pages/nestable.js]
[coderthemes.com/ubold_2.1/dark_leftbar/assets/plugins/ion-rangeslider/ion.rangeSlider.css]
[coderthemes.com/ubold_2.1/dark_leftbar/assets/plugins/ion-rangeslider/sprite-skin-flat.png]
[coderthemes.com/ubold_2.1/dark_leftbar/assets/plugins/ion-rangeslider/ion.rangeSlider.skinFlat.css]
[coderthemes.com/ubold_2.1/dark_leftbar/assets/plugins/bootstrap-slider/css/bootstrap-slider.min.css]
[coderthemes.com/ubold_2.1/dark_leftbar/assets/plugins/ion-rangeslider/ion.rangeSlider.min.js]
[coderthemes.com/ubold_2.1/dark_leftbar/assets/plugins/bootstrap-slider/js/bootstrap-slider.min.js]
[coderthemes.com/ubold_2.1/dark_leftbar/assets/pages/jquery.ui-sliders.js]
[coderthemes.com/ubold_2.1/dark_leftbar/assets/plugins/isotope/js/isotope.pkgd.min.js]
[coderthemes.com/ubold_2.1/dark_leftbar/assets/plugins/animate/animate.min.css]
[coderthemes.com/ubold_2.1/dark_leftbar/assets/pages/jquery.sweet-alert.init.js]
[coderthemes.com/ubold_2.1/dark_leftbar/assets/plugins/jstree/32px.png]
[coderthemes.com/ubold_2.1/dark_leftbar/assets/plugins/jstree/throbber.gif]
[coderthemes.com/ubold_2.1/dark_leftbar/assets/plugins/jstree/40px.png]
[coderthemes.com/ubold_2.1/dark_leftbar/assets/plugins/jstree/style.css]
[coderthemes.com/ubold_2.1/dark_leftbar/assets/plugins/jstree/jstree.min.js]
[coderthemes.com/ubold_2.1/dark_leftbar/assets/pages/jquery.tree.js]
[coderthemes.com/ubold_2.1/dark_leftbar/assets/plugins/hopscotch/img/sprite-green.png]
[coderthemes.com/ubold_2.1/dark_leftbar/assets/plugins/hopscotch/css/hopscotch.min.css]
[coderthemes.com/ubold_2.1/dark_leftbar/assets/plugins/hopscotch/js/hopscotch.min.js]
[coderthemes.com/ubold_2.1/dark_leftbar/assets/plugins/bootstrap-tagsinput/css/bootstrap-tagsinput.css]
[coderthemes.com/ubold_2.1/dark_leftbar/assets/plugins/switchery/css/switchery.min.css]
[coderthemes.com/ubold_2.1/dark_leftbar/assets/plugins/multiselect/img/switch.png]
[coderthemes.com/ubold_2.1/dark_leftbar/assets/plugins/multiselect/css/multi-select.css]
[coderthemes.com/ubold_2.1/dark_leftbar/assets/plugins/select2/css/select2.min.css]
[coderthemes.com/ubold_2.1/dark_leftbar/assets/plugins/bootstrap-select/css/bootstrap-select.min.css]
[coderthemes.com/ubold_2.1/dark_leftbar/assets/plugins/bootstrap-touchspin/css/jquery.bootstrap-touchspin.min.css]
[coderthemes.com/ubold_2.1/dark_leftbar/assets/plugins/bootstrap-tagsinput/js/bootstrap-tagsinput.min.js]
[coderthemes.com/ubold_2.1/dark_leftbar/assets/plugins/switchery/js/switchery.min.js]
[coderthemes.com/ubold_2.1/dark_leftbar/assets/plugins/multiselect/js/jquery.multi-select.js]
[coderthemes.com/ubold_2.1/dark_leftbar/assets/plugins/jquery-quicksearch/jquery.quicksearch.js]
[coderthemes.com/ubold_2.1/dark_leftbar/assets/plugins/select2/js/select2.min.js]
[coderthemes.com/ubold_2.1/dark_leftbar/assets/plugins/bootstrap-select/js/bootstrap-select.min.js]
[coderthemes.com/ubold_2.1/dark_leftbar/assets/plugins/bootstrap-filestyle/js/bootstrap-filestyle.min.js]
[coderthemes.com/ubold_2.1/dark_leftbar/assets/plugins/bootstrap-touchspin/js/jquery.bootstrap-touchspin.min.js]
[coderthemes.com/ubold_2.1/dark_leftbar/assets/plugins/bootstrap-maxlength/bootstrap-maxlength.min.js]
[coderthemes.com/ubold_2.1/dark_leftbar/assets/plugins/autocomplete/jquery.mockjax.js]
[coderthemes.com/ubold_2.1/dark_leftbar/assets/plugins/autocomplete/jquery.autocomplete.min.js]
[coderthemes.com/ubold_2.1/dark_leftbar/assets/plugins/autocomplete/countries.js]
[coderthemes.com/ubold_2.1/dark_leftbar/assets/pages/autocomplete.js]
[coderthemes.com/ubold_2.1/dark_leftbar/index-2.html]
[coderthemes.com/ubold_2.1/dark_leftbar/assets/pages/jquery.form-advanced.init.js]
[coderthemes.com/ubold_2.1/dark_leftbar/assets/plugins/parsleyjs/parsley.min.js]
[coderthemes.com/ubold_2.1/dark_leftbar/assets/plugins/timepicker/bootstrap-timepicker.min.css]
[coderthemes.com/ubold_2.1/dark_leftbar/assets/plugins/bootstrap-colorpicker/img/bootstrap-colorpicker/saturation.png]
[coderthemes.com/ubold_2.1/dark_leftbar/assets/plugins/bootstrap-colorpicker/img/bootstrap-colorpicker/hue.png]
[coderthemes.com/ubold_2.1/dark_leftbar/assets/plugins/bootstrap-colorpicker/img/bootstrap-colorpicker/alpha.png]
[coderthemes.com/ubold_2.1/dark_leftbar/assets/plugins/bootstrap-colorpicker/img/bootstrap-colorpicker/hue-horizontal.png]
[coderthemes.com/ubold_2.1/dark_leftbar/assets/plugins/bootstrap-colorpicker/img/bootstrap-colorpicker/alpha-horizontal.png]
[coderthemes.com/ubold_2.1/dark_leftbar/assets/plugins/bootstrap-colorpicker/css/bootstrap-colorpicker.min.css]
[coderthemes.com/ubold_2.1/dark_leftbar/assets/plugins/bootstrap-datepicker/css/bootstrap-datepicker.min.css]
[coderthemes.com/ubold_2.1/dark_leftbar/assets/plugins/clockpicker/css/bootstrap-clockpicker.min.css]
[coderthemes.com/ubold_2.1/dark_leftbar/assets/plugins/bootstrap-daterangepicker/daterangepicker.css]
[coderthemes.com/ubold_2.1/dark_leftbar/assets/plugins/timepicker/bootstrap-timepicker.js]
[coderthemes.com/ubold_2.1/dark_leftbar/assets/plugins/bootstrap-colorpicker/js/bootstrap-colorpicker.min.js]
[coderthemes.com/ubold_2.1/dark_leftbar/assets/plugins/bootstrap-datepicker/js/bootstrap-datepicker.min.js]
[coderthemes.com/ubold_2.1/dark_leftbar/assets/plugins/clockpicker/js/bootstrap-clockpicker.min.js]
[coderthemes.com/ubold_2.1/dark_leftbar/assets/plugins/bootstrap-daterangepicker/daterangepicker.js]
[coderthemes.com/ubold_2.1/dark_leftbar/assets/pages/jquery.form-pickers.init.js]
[coderthemes.com/ubold_2.1/dark_leftbar/assets/plugins/jquery.steps/css/jquery.steps.css]
[coderthemes.com/ubold_2.1/dark_leftbar/assets/plugins/jquery.steps/js/jquery.steps.min.js]
[coderthemes.com/ubold_2.1/dark_leftbar/assets/plugins/jquery-validation/js/jquery.validate.min.js]
[coderthemes.com/ubold_2.1/dark_leftbar/assets/pages/jquery.wizard-init.js]
[coderthemes.com/ubold_2.1/dark_leftbar/assets/plugins/bootstrap-inputmask/bootstrap-inputmask.min.js]
[coderthemes.com/ubold_2.1/dark_leftbar/assets/plugins/autoNumeric/autoNumeric.js]
[coderthemes.com/ubold_2.1/dark_leftbar/assets/plugins/summernote/font/summernotef534.eot]
[coderthemes.com/ubold_2.1/dark_leftbar/assets/plugins/summernote/font/summernoted41d.eot]
[coderthemes.com/ubold_2.1/dark_leftbar/assets/plugins/summernote/font/summernotef534.woff]
[coderthemes.com/ubold_2.1/dark_leftbar/assets/plugins/summernote/font/summernotef534.ttf]
[coderthemes.com/ubold_2.1/dark_leftbar/assets/plugins/summernote/summernote.css]
[coderthemes.com/ubold_2.1/dark_leftbar/assets/plugins/summernote/summernote.min.js]
[coderthemes.com/ubold_2.1/dark_leftbar/assets/plugins/tinymce/tinymce.min.js]
[coderthemes.com/ubold_2.1/dark_leftbar/assets/plugins/codemirror/css/codemirror.css]
[coderthemes.com/ubold_2.1/dark_leftbar/assets/plugins/codemirror/css/ambiance.css]
[coderthemes.com/ubold_2.1/dark_leftbar/assets/plugins/codemirror/js/codemirror.js]
[coderthemes.com/ubold_2.1/dark_leftbar/assets/plugins/codemirror/js/formatting.js]
[coderthemes.com/ubold_2.1/dark_leftbar/assets/plugins/codemirror/js/xml.js]
[coderthemes.com/ubold_2.1/dark_leftbar/assets/pages/jquery.codemirror.init.js]
[coderthemes.com/ubold_2.1/dark_leftbar/assets/plugins/dropzone/dropzone.css]
[coderthemes.com/ubold_2.1/dark_leftbar/assets/plugins/dropzone/dropzone.js]
[coderthemes.com/ubold_2.1/dark_leftbar/assets/plugins/x-editable/img/loading.gif]
[coderthemes.com/ubold_2.1/dark_leftbar/assets/plugins/x-editable/img/clear.png]
[coderthemes.com/ubold_2.1/dark_leftbar/assets/plugins/x-editable/css/bootstrap-editable.css]
[coderthemes.com/ubold_2.1/dark_leftbar/assets/plugins/x-editable/js/bootstrap-editable.min.js]
[coderthemes.com/ubold_2.1/dark_leftbar/assets/pages/jquery.xeditable.js]
[coderthemes.com/ubold_2.1/dark_leftbar/assets/plugins/cropper/cropper.css]
[coderthemes.com/ubold_2.1/dark_leftbar/assets/plugins/cropper/cropper.min.js]
[coderthemes.com/ubold_2.1/dark_leftbar/assets/plugins/datatables/jquery.dataTables.min.css]
[coderthemes.com/ubold_2.1/dark_leftbar/assets/plugins/datatables/buttons.bootstrap.min.css]
[coderthemes.com/ubold_2.1/dark_leftbar/assets/plugins/datatables/fixedHeader.bootstrap.min.css]
[coderthemes.com/ubold_2.1/dark_leftbar/assets/plugins/datatables/responsive.bootstrap.min.css]
[coderthemes.com/ubold_2.1/dark_leftbar/assets/plugins/datatables/scroller.bootstrap.min.css]
[coderthemes.com/ubold_2.1/dark_leftbar/assets/plugins/datatables/dataTables.colVis.css]
[coderthemes.com/ubold_2.1/dark_leftbar/assets/plugins/datatables/dataTables.bootstrap.min.css]
[coderthemes.com/ubold_2.1/dark_leftbar/assets/plugins/datatables/fixedColumns.dataTables.min.css]
[coderthemes.com/ubold_2.1/dark_leftbar/assets/plugins/datatables/jquery.dataTables.min.js]
[coderthemes.com/ubold_2.1/dark_leftbar/assets/plugins/datatables/dataTables.bootstrap.js]
[coderthemes.com/ubold_2.1/dark_leftbar/assets/plugins/datatables/dataTables.buttons.min.js]
[coderthemes.com/ubold_2.1/dark_leftbar/assets/plugins/datatables/buttons.bootstrap.min.js]
[coderthemes.com/ubold_2.1/dark_leftbar/assets/plugins/datatables/jszip.min.js]
[coderthemes.com/ubold_2.1/dark_leftbar/assets/plugins/datatables/pdfmake.min.js]
[coderthemes.com/ubold_2.1/dark_leftbar/assets/plugins/datatables/vfs_fonts.js]
[coderthemes.com/ubold_2.1/dark_leftbar/assets/plugins/datatables/buttons.html5.min.js]
[coderthemes.com/ubold_2.1/dark_leftbar/assets/plugins/datatables/buttons.print.min.js]
[coderthemes.com/ubold_2.1/dark_leftbar/assets/plugins/datatables/dataTables.fixedHeader.min.js]
[coderthemes.com/ubold_2.1/dark_leftbar/assets/plugins/datatables/dataTables.keyTable.min.js]
[coderthemes.com/ubold_2.1/dark_leftbar/assets/plugins/datatables/dataTables.responsive.min.js]
[coderthemes.com/ubold_2.1/dark_leftbar/assets/plugins/datatables/responsive.bootstrap.min.js]
[coderthemes.com/ubold_2.1/dark_leftbar/assets/plugins/datatables/dataTables.scroller.min.js]
[coderthemes.com/ubold_2.1/dark_leftbar/assets/plugins/datatables/dataTables.colVis.js]
[coderthemes.com/ubold_2.1/dark_leftbar/assets/plugins/datatables/dataTables.fixedColumns.min.js]
[coderthemes.com/ubold_2.1/dark_leftbar/assets/pages/datatables.init.js]
[coderthemes.com/ubold_2.1/dark_leftbar/assets/plugins/magnific-popup/css/magnific-popup.css]
[coderthemes.com/ubold_2.1/dark_leftbar/assets/plugins/jquery-datatables-editable/datatables.css]
[coderthemes.com/ubold_2.1/dark_leftbar/assets/plugins/magnific-popup/js/jquery.magnific-popup.min.js]
[coderthemes.com/ubold_2.1/dark_leftbar/assets/plugins/jquery-datatables-editable/jquery.dataTables.js]
[coderthemes.com/ubold_2.1/dark_leftbar/assets/plugins/tiny-editable/mindmup-editabletable.js]
[coderthemes.com/ubold_2.1/dark_leftbar/assets/plugins/tiny-editable/numeric-input-example.js]
[coderthemes.com/ubold_2.1/dark_leftbar/assets/pages/datatables.editable.init.js]
[coderthemes.com/ubold_2.1/dark_leftbar/assets/plugins/responsive-table/css/rwd-table.min.css]
[coderthemes.com/ubold_2.1/dark_leftbar/assets/plugins/responsive-table/js/rwd-table.min.js]
[coderthemes.com/ubold_2.1/dark_leftbar/assets/plugins/footable/css/fonts/footable.eot]
[coderthemes.com/ubold_2.1/dark_leftbar/assets/plugins/footable/css/fonts/footabled41d.eot]
[coderthemes.com/ubold_2.1/dark_leftbar/assets/plugins/footable/css/fonts/footable.woff]
[coderthemes.com/ubold_2.1/dark_leftbar/assets/plugins/footable/css/fonts/footable.ttf]
[coderthemes.com/ubold_2.1/dark_leftbar/assets/plugins/footable/css/footable.core.css]
[coderthemes.com/ubold_2.1/dark_leftbar/assets/plugins/footable/js/footable.all.min.js]
[coderthemes.com/ubold_2.1/dark_leftbar/assets/pages/jquery.footable.js]
[coderthemes.com/ubold_2.1/dark_leftbar/assets/plugins/bootstrap-table/css/bootstrap-table.min.css]
[coderthemes.com/ubold_2.1/dark_leftbar/assets/plugins/bootstrap-table/js/bootstrap-table.min.js]
[coderthemes.com/ubold_2.1/dark_leftbar/assets/pages/jquery.bs-table.js]
[coderthemes.com/ubold_2.1/dark_leftbar/assets/plugins/tablesaw/css/tablesaw.css]
[coderthemes.com/ubold_2.1/dark_leftbar/assets/plugins/tablesaw/js/tablesaw.js]
[coderthemes.com/ubold_2.1/dark_leftbar/assets/plugins/tablesaw/js/tablesaw-init.js]
[coderthemes.com/ubold_2.1/dark_leftbar/assets/plugins/jsgrid/css/jsgrid.min.css]
[coderthemes.com/ubold_2.1/dark_leftbar/assets/plugins/jsgrid/css/jsgrid-theme.min.css]
[coderthemes.com/ubold_2.1/dark_leftbar/assets/plugins/jsgrid/js/jsgrid.min.js]
[coderthemes.com/ubold_2.1/dark_leftbar/assets/pages/jquery.jsgrid.init.js]
[coderthemes.com/ubold_2.1/dark_leftbar/assets/plugins/flot-chart/jquery.flot.min.js]
[coderthemes.com/ubold_2.1/dark_leftbar/assets/plugins/flot-chart/jquery.flot.time.js]
[coderthemes.com/ubold_2.1/dark_leftbar/assets/plugins/flot-chart/jquery.flot.tooltip.min.js]
[coderthemes.com/ubold_2.1/dark_leftbar/assets/plugins/flot-chart/jquery.flot.resize.js]
[coderthemes.com/ubold_2.1/dark_leftbar/assets/plugins/flot-chart/jquery.flot.pie.js]
[coderthemes.com/ubold_2.1/dark_leftbar/assets/plugins/flot-chart/jquery.flot.selection.js]
[coderthemes.com/ubold_2.1/dark_leftbar/assets/plugins/footable/css/fonts/footable.svg]
[coderthemes.com/ubold_2.1/dark_leftbar/assets/plugins/flot-chart/jquery.flot.stack.js]
[coderthemes.com/ubold_2.1/dark_leftbar/assets/plugins/flot-chart/jquery.flot.orderBars.min.js]
[coderthemes.com/ubold_2.1/dark_leftbar/assets/plugins/flot-chart/jquery.flot.crosshair.js]
[coderthemes.com/ubold_2.1/dark_leftbar/assets/pages/jquery.flot.init.js]
[coderthemes.com/ubold_2.1/dark_leftbar/assets/pages/morris.init.js]
[coderthemes.com/ubold_2.1/dark_leftbar/assets/plugins/chart.js/chart.min.js]
[coderthemes.com/ubold_2.1/dark_leftbar/assets/pages/jquery.chartjs.init.js]
[coderthemes.com/ubold_2.1/dark_leftbar/assets/pages/jquery.peity.init.js]
[coderthemes.com/ubold_2.1/dark_leftbar/assets/plugins/chartist/css/chartist.min.css]
[coderthemes.com/ubold_2.1/dark_leftbar/assets/plugins/chartist/js/chartist.min.js]
[coderthemes.com/ubold_2.1/dark_leftbar/assets/plugins/chartist/js/chartist-plugin-tooltip.min.js]
[coderthemes.com/ubold_2.1/dark_leftbar/assets/pages/jquery.chartist.init.js]
[coderthemes.com/ubold_2.1/dark_leftbar/assets/plugins/c3/c3.min.css]
[coderthemes.com/ubold_2.1/dark_leftbar/assets/plugins/d3/d3.min.js]
[coderthemes.com/ubold_2.1/dark_leftbar/assets/plugins/c3/c3.min.js]
[coderthemes.com/ubold_2.1/dark_leftbar/assets/pages/jquery.c3-chart.init.js]
[coderthemes.com/ubold_2.1/dark_leftbar/assets/plugins/nvd3/nv.d3.min.css]
[coderthemes.com/ubold_2.1/dark_leftbar/assets/plugins/nvd3/nv.d3.min.js]
[coderthemes.com/ubold_2.1/dark_leftbar/assets/pages/jquery.nvd3.init.js]
[coderthemes.com/ubold_2.1/dark_leftbar/assets/pages/jquery.charts-sparkline.js]
[coderthemes.com/ubold_2.1/dark_leftbar/assets/plugins/radial/radial.css]
[coderthemes.com/ubold_2.1/dark_leftbar/assets/plugins/jquery-circliful/css/jquery.circliful.css]
[coderthemes.com/ubold_2.1/dark_leftbar/assets/plugins/jquery.easy-pie-chart/dist/easypiechart.min.js]
[coderthemes.com/ubold_2.1/dark_leftbar/assets/plugins/jquery.easy-pie-chart/dist/jquery.easypiechart.min.js]
[coderthemes.com/ubold_2.1/dark_leftbar/assets/pages/easy-pie-chart.init.js]
[coderthemes.com/ubold_2.1/dark_leftbar/assets/plugins/jquery-circliful/js/jquery.circliful.min.js]
[coderthemes.com/ubold_2.1/dark_leftbar/assets/plugins/rickshaw-chart/rickshaw.min.css]
[coderthemes.com/ubold_2.1/dark_leftbar/assets/plugins/rickshaw-chart/rickshaw.min.js]
[coderthemes.com/ubold_2.1/dark_leftbar/assets/pages/jquery.rickshaw.chart.init.js]
[coderthemes.com/ubold_2.1/dark_leftbar/assets/plugins/gmaps/gmaps.min.js]
[coderthemes.com/ubold_2.1/dark_leftbar/assets/pages/jquery.gmaps.js]
[coderthemes.com/ubold_2.1/dark_leftbar/assets/plugins/jvectormap/jquery-jvectormap-2.0.2.css]
[coderthemes.com/ubold_2.1/dark_leftbar/assets/plugins/jvectormap/jquery-jvectormap-2.0.2.min.js]
[coderthemes.com/ubold_2.1/dark_leftbar/assets/plugins/jvectormap/jquery-jvectormap-world-mill-en.js]
[coderthemes.com/ubold_2.1/dark_leftbar/assets/plugins/jvectormap/gdp-data.js]
[coderthemes.com/ubold_2.1/dark_leftbar/assets/plugins/jvectormap/jquery-jvectormap-us-aea-en.js]
[coderthemes.com/ubold_2.1/dark_leftbar/assets/plugins/jvectormap/jquery-jvectormap-uk-mill-en.js]
[coderthemes.com/ubold_2.1/dark_leftbar/assets/plugins/jvectormap/jquery-jvectormap-au-mill.js]
[coderthemes.com/ubold_2.1/dark_leftbar/assets/plugins/jvectormap/jquery-jvectormap-us-il-chicago-mill-en.js]
[coderthemes.com/ubold_2.1/dark_leftbar/assets/plugins/jvectormap/jquery-jvectormap-ca-lcc.js]
[coderthemes.com/ubold_2.1/dark_leftbar/assets/plugins/jvectormap/jquery-jvectormap-de-mill.js]
[coderthemes.com/ubold_2.1/dark_leftbar/assets/plugins/jvectormap/jquery-jvectormap-in-mill.js]
[coderthemes.com/ubold_2.1/dark_leftbar/assets/plugins/jvectormap/jquery-jvectormap-asia-mill.js]
[coderthemes.com/ubold_2.1/dark_leftbar/assets/pages/jvectormap.init.js]
[coderthemes.com/ubold_2.1/dark_leftbar/apps-inbox.html]
[coderthemes.com/ubold_2.1/dark_leftbar/email-templates/action.html]
[coderthemes.com/ubold_2.1/dark_leftbar/email-templates/alert.html]
[coderthemes.com/ubold_2.1/dark_leftbar/email-templates/billing.html]
[coderthemes.com/ubold_2.1/dark_leftbar/assets/plugins/countdown/dest/jquery.countdown.min.js]
[coderthemes.com/ubold_2.1/dark_leftbar/assets/plugins/simple-text-rotator/jquery.simple-text-rotator.min.js]
[coderthemes.com/ubold_2.1/dark_leftbar/assets/plugins/fullcalendar/css/fullcalendar.min.css]
[coderthemes.com/ubold_2.1/dark_leftbar/assets/plugins/jquery-ui/jquery-ui.min.js]
[coderthemes.com/ubold_2.1/dark_leftbar/assets/plugins/fullcalendar/js/fullcalendar.min.js]
[coderthemes.com/ubold_2.1/dark_leftbar/assets/pages/jquery.fullcalendar.js]
[coderthemes.com/ubold_2.1/dark_leftbar/assets/plugins/jquery-ui/images/ui-bg_highlight-soft_100_eeeeee_1x100.png]
[coderthemes.com/ubold_2.1/dark_leftbar/assets/plugins/jquery-ui/images/ui-bg_gloss-wave_35_f6a828_500x100.png]
[coderthemes.com/ubold_2.1/dark_leftbar/assets/plugins/jquery-ui/images/ui-bg_glass_100_f6f6f6_1x400.png]
[coderthemes.com/ubold_2.1/dark_leftbar/assets/plugins/jquery-ui/images/ui-bg_glass_100_fdf5ce_1x400.png]
[coderthemes.com/ubold_2.1/dark_leftbar/assets/plugins/jquery-ui/images/ui-bg_glass_65_ffffff_1x400.png]
[coderthemes.com/ubold_2.1/dark_leftbar/assets/plugins/jquery-ui/images/ui-bg_highlight-soft_75_ffe45c_1x100.png]
[coderthemes.com/ubold_2.1/dark_leftbar/assets/plugins/jquery-ui/images/ui-bg_diagonals-thick_18_b81900_40x40.png]
[coderthemes.com/ubold_2.1/dark_leftbar/assets/plugins/jquery-ui/images/ui-icons_222222_256x240.png]
[coderthemes.com/ubold_2.1/dark_leftbar/assets/plugins/jquery-ui/images/ui-icons_ffffff_256x240.png]
[coderthemes.com/ubold_2.1/dark_leftbar/assets/plugins/jquery-ui/images/ui-icons_ef8c08_256x240.png]
[coderthemes.com/ubold_2.1/dark_leftbar/assets/plugins/jquery-ui/images/ui-icons_228ef1_256x240.png]
[coderthemes.com/ubold_2.1/dark_leftbar/assets/plugins/jquery-ui/images/ui-icons_ffd27a_256x240.png]
[coderthemes.com/ubold_2.1/dark_leftbar/assets/plugins/jquery-ui/images/ui-bg_diagonals-thick_20_666666_40x40.png]
[coderthemes.com/ubold_2.1/dark_leftbar/assets/plugins/jquery-ui/images/ui-bg_flat_10_000000_40x100.png]
[coderthemes.com/ubold_2.1/dark_leftbar/assets/plugins/jquery-ui/jquery-ui.min.css]
[coderthemes.com/ubold_2.1/dark_leftbar/assets/pages/jquery.dashboard_crm.js]
[coderthemes.com/ubold_2.1/dark_leftbar/assets/pages/jquery.opportunities.init.js]
[coderthemes.com/ubold_2.1/dark_leftbar/assets/pages/jquery.leads.init.js]
[coderthemes.com/ubold_2.1/dark_leftbar/assets/pages/jquery.dashboard_ecommerce.js]
[coderthemes.com/ubold_2.1/dark_leftbar/assets/plugins/smoothproducts/css/smoothproducts.css]
[coderthemes.com/ubold_2.1/dark_leftbar/assets/plugins/smoothproducts/js/smoothproducts.min.js]
[coderthemes.com/ubold_2.1/dark_leftbar/assets/plugins/select2/js/select2.full.min.js]
[coderthemes.com/ubold_2.1/dark_leftbar/Popover requires tooltip.html]
[coderthemes.com/ubold_2.1/dark_leftbar/specified parentLocale is not defined yet. See http_/momentjs.com/guides/index.html]
[coderthemes.com/ubold_2.1/dark_leftbar/isDSTShifted is deprecated. See http_/momentjs.com/guides/index.html]
[coderthemes.com/ubold_2.1/dark_leftbar/spin.html]
[coderthemes.com/ubold_2.1/dark_leftbar/GET.html]
[coderthemes.com/ubold_2.1/dark_leftbar/index-2.html]
[coderthemes.com/ubold_2.1/dark_leftbar/clipboard.html]
[coderthemes.com/ubold_2.1/dark_leftbar/image/index.html]
[coderthemes.com/ubold_2.1/dark_leftbar/Trident/index.html]
[coderthemes.com/ubold_2.1/dark_leftbar/Edge/index.html]
[coderthemes.com/ubold_2.1/dark_leftbar/zlib/deflate.html]
[coderthemes.com/ubold_2.1/dark_leftbar/zlib/inflate.html]
[coderthemes.com/ubold_2.1/dark_leftbar/[Content_Types].html]
[coderthemes.com/ubold_2.1/dark_leftbar/workbook.html]
[coderthemes.com/ubold_2.1/dark_leftbar/sheet1.html]
[coderthemes.com/ubold_2.1/dark_leftbar/buttons.html]
[coderthemes.com/ubold_2.1/dark_leftbar/assets/plugins/footable/css/fonts/footable.svg]
[coderthemes.com/ubold_2.1/dark_leftbar/core/core.html]
[coderthemes.com/ubold_2.1/dark_leftbar/core/core.plugin.html]
[coderthemes.com/ubold_2.1/dark_leftbar/options.time.format is deprecated and replaced by options.time.parser. See http_/nnnick.github.io/Chart.js/docs-v2/index.html]
[coderthemes.com/ubold_2.1/dark_leftbar/countdown.html]
